{"level":"error","message":"error 메시지"}
{"level":"error","message":"warn 메시지"}
{"level":"error","message":"info 메시지"}
{"level":"error","message":"http 메시지"}
{"level":"error","message":"debug 메시지"}
{"level":"error","message":"error 메시지"}
{"level":"error","message":"warn 메시지"}
{"level":"error","message":"info 메시지"}
{"level":"error","message":"http 메시지"}
{"level":"error","message":"debug 메시지"}
{"level":"error","message":"error 메시지"}
{"level":"error","message":"warn 메시지"}
{"level":"error","message":"info 메시지"}
{"level":"error","message":"http 메시지"}
{"level":"error","message":"error 메시지"}
{"level":"error","message":"warn 메시지"}
{"level":"error","message":"info 메시지"}
{"level":"error","message":"http 메시지"}
{"level":"error","message":"error 메시지"}
{"level":"error","message":"warn 메시지"}
{"level":"error","message":"info 메시지"}
{"level":"error","message":"http 메시지"}
{"level":"error","message":"error 메시지"}
{"level":"error","message":"warn 메시지"}
{"level":"error","message":"info 메시지"}
{"level":"error","message":"http 메시지"}
{"level":"error","message":"error 메시지"}
{"level":"error","message":"warn 메시지"}
{"level":"error","message":"info 메시지"}
{"level":"error","message":"http 메시지"}
{"level":"error","message":"error 메시지"}
{"level":"error","message":"warn 메시지"}
{"level":"error","message":"info 메시지"}
{"level":"error","message":"http 메시지"}
