{"level":"error","message":"error 메시지"}
{"level":"error","message":"warn 메시지"}
{"level":"error","message":"info 메시지"}
{"level":"error","message":"http 메시지"}
{"level":"debug","message":"debug 메시지"}
{"level":"error","message":"error 메시지"}
{"level":"error","message":"warn 메시지"}
{"level":"error","message":"info 메시지"}
{"level":"error","message":"http 메시지"}
{"level":"error","message":"error 메시지"}
{"level":"error","message":"warn 메시지"}
{"level":"error","message":"info 메시지"}
{"level":"error","message":"http 메시지"}
{"level":"error","message":"error 메시지"}
{"level":"error","message":"warn 메시지"}
{"level":"error","message":"info 메시지"}
{"level":"error","message":"http 메시지"}
{"level":"error","message":"error 메시지","timestamp":"2022-09-02 10:41:39"}
{"level":"error","message":"warn 메시지","timestamp":"2022-09-02 10:41:39"}
{"level":"error","message":"info 메시지","timestamp":"2022-09-02 10:41:39"}
{"level":"error","message":"http 메시지","timestamp":"2022-09-02 10:41:39"}
{"level":"error","message":"error 메시지","timestamp":"2022-09-02 10:58:49"}
{"level":"error","message":"warn 메시지","timestamp":"2022-09-02 10:58:49"}
{"level":"error","message":"info 메시지","timestamp":"2022-09-02 10:58:49"}
{"level":"error","message":"http 메시지","timestamp":"2022-09-02 10:58:49"}
{"level":"error","message":"error 메시지","timestamp":"2022-09-02 10:59:02"}
{"level":"error","message":"warn 메시지","timestamp":"2022-09-02 10:59:02"}
{"level":"error","message":"info 메시지","timestamp":"2022-09-02 10:59:02"}
{"level":"error","message":"http 메시지","timestamp":"2022-09-02 10:59:02"}
{"level":"error","message":"error 메시지","timestamp":"2022-09-02 10:59:03"}
{"level":"error","message":"warn 메시지","timestamp":"2022-09-02 10:59:03"}
{"level":"error","message":"info 메시지","timestamp":"2022-09-02 10:59:03"}
{"level":"error","message":"http 메시지","timestamp":"2022-09-02 10:59:03"}
{"level":"error","message":"error 메시지","timestamp":"2022-09-02 10:59:04"}
{"level":"error","message":"warn 메시지","timestamp":"2022-09-02 10:59:04"}
{"level":"error","message":"info 메시지","timestamp":"2022-09-02 10:59:04"}
{"level":"error","message":"http 메시지","timestamp":"2022-09-02 10:59:04"}
{"level":"error","message":"error 메시지","timestamp":"2022-09-02 10:59:44"}
{"level":"error","message":"warn 메시지","timestamp":"2022-09-02 10:59:44"}
{"level":"error","message":"info 메시지","timestamp":"2022-09-02 10:59:44"}
{"level":"error","message":"http 메시지","timestamp":"2022-09-02 10:59:44"}
